[0m14:22:35.543758 [debug] [MainThread]: Sending event: {'category': 'dbt', 'action': 'invocation', 'label': 'start', 'context': [<snowplow_tracker.self_describing_json.SelfDescribingJson object at 0x10baa2bd0>, <snowplow_tracker.self_describing_json.SelfDescribingJson object at 0x10bad0680>, <snowplow_tracker.self_describing_json.SelfDescribingJson object at 0x10bad02c0>]}


============================== 14:22:35.547105 | 19170e34-27c6-449e-a334-1734d5db1fdc ==============================
[0m14:22:35.547105 [info ] [MainThread]: Running with dbt=1.6.1
[0m14:22:35.547615 [debug] [MainThread]: running dbt with arguments {'profiles_dir': '/Users/duydo/.dbt', 'printer_width': '80', 'debug': 'False', 'warn_error': 'None', 'no_print': 'None', 'use_experimental_parser': 'False', 'introspect': 'True', 'fail_fast': 'False', 'warn_error_options': 'WarnErrorOptions(include=[], exclude=[])', 'use_colors': 'True', 'write_json': 'True', 'static_parser': 'True', 'log_format': 'default', 'target_path': 'None', 'log_path': 'logs', 'quiet': 'False', 'invocation_command': 'dbt init', 'indirect_selection': 'eager', 'partial_parse': 'True', 'send_anonymous_usage_stats': 'True', 'cache_selected_only': 'False', 'log_cache_events': 'False', 'version_check': 'True'}
[0m14:22:59.922922 [debug] [MainThread]: Starter project path: /opt/anaconda3/lib/python3.12/site-packages/dbt/include/starter_project
[0m14:22:59.935161 [info ] [MainThread]: 
Your new dbt project "nyc_parking_violations" was created!

For more information on how to configure the profiles.yml file,
please consult the dbt documentation here:

  https://docs.getdbt.com/docs/configure-your-profile

One more thing:

Need help? Don't hesitate to reach out to us via GitHub issues or on Slack:

  https://community.getdbt.com/

Happy modeling!

[0m14:22:59.936753 [info ] [MainThread]: Setting up your profile.
[0m14:23:02.982714 [info ] [MainThread]: No sample profile found for duckdb.
[0m14:23:02.983939 [debug] [MainThread]: Command `dbt init` succeeded at 14:23:02.983434 after 27.46 seconds
[0m14:23:02.984448 [debug] [MainThread]: Sending event: {'category': 'dbt', 'action': 'invocation', 'label': 'end', 'context': [<snowplow_tracker.self_describing_json.SelfDescribingJson object at 0x10ba4e300>, <snowplow_tracker.self_describing_json.SelfDescribingJson object at 0x10ba4d8b0>, <snowplow_tracker.self_describing_json.SelfDescribingJson object at 0x104c72c30>]}
[0m14:23:02.985026 [debug] [MainThread]: Flushing usage events
[0m14:59:52.974630 [debug] [MainThread]: Sending event: {'category': 'dbt', 'action': 'invocation', 'label': 'start', 'context': [<snowplow_tracker.self_describing_json.SelfDescribingJson object at 0x112fa2f90>, <snowplow_tracker.self_describing_json.SelfDescribingJson object at 0x112ee6570>, <snowplow_tracker.self_describing_json.SelfDescribingJson object at 0x112fa3fe0>]}


============================== 14:59:52.978627 | 015187f9-9e74-49b6-9fb4-beb3ba1a7604 ==============================
[0m14:59:52.978627 [info ] [MainThread]: Running with dbt=1.6.1
[0m14:59:52.979251 [debug] [MainThread]: running dbt with arguments {'use_experimental_parser': 'False', 'indirect_selection': 'eager', 'target_path': 'None', 'static_parser': 'True', 'write_json': 'True', 'log_cache_events': 'False', 'warn_error_options': 'WarnErrorOptions(include=[], exclude=[])', 'partial_parse': 'True', 'use_colors': 'True', 'log_format': 'default', 'introspect': 'True', 'profiles_dir': '/Users/duydo/.dbt', 'cache_selected_only': 'False', 'version_check': 'True', 'invocation_command': 'dbt debug', 'no_print': 'None', 'send_anonymous_usage_stats': 'True', 'log_path': 'logs', 'warn_error': 'None', 'quiet': 'False', 'printer_width': '80', 'fail_fast': 'False', 'debug': 'False'}
[0m14:59:52.979865 [info ] [MainThread]: dbt version: 1.6.1
[0m14:59:52.980130 [info ] [MainThread]: python version: 3.12.7
[0m14:59:52.980342 [info ] [MainThread]: python path: /opt/anaconda3/bin/python
[0m14:59:52.980540 [info ] [MainThread]: os info: macOS-12.7.6-arm64-arm-64bit
[0m14:59:52.980764 [info ] [MainThread]: Using profiles dir at /Users/duydo/.dbt
[0m14:59:52.981195 [info ] [MainThread]: Using profiles.yml file at /Users/duydo/.dbt/profiles.yml
[0m14:59:52.981394 [info ] [MainThread]: Using dbt_project.yml file at /Users/duydo/Desktop/DE/dbt_project.yml
[0m14:59:52.981602 [info ] [MainThread]: Configuration:
[0m14:59:52.981788 [info ] [MainThread]:   profiles.yml file [[31mERROR not found[0m]
[0m14:59:52.981977 [info ] [MainThread]:   dbt_project.yml file [[31mERROR not found[0m]
[0m14:59:52.982155 [info ] [MainThread]: Required dependencies:
[0m14:59:52.982419 [debug] [MainThread]: Executing "git --help"
[0m14:59:53.000858 [debug] [MainThread]: STDOUT: "b"usage: git [-v | --version] [-h | --help] [-C <path>] [-c <name>=<value>]\n           [--exec-path[=<path>]] [--html-path] [--man-path] [--info-path]\n           [-p | --paginate | -P | --no-pager] [--no-replace-objects] [--no-lazy-fetch]\n           [--no-optional-locks] [--no-advice] [--bare] [--git-dir=<path>]\n           [--work-tree=<path>] [--namespace=<name>] [--config-env=<name>=<envvar>]\n           <command> [<args>]\n\nThese are common Git commands used in various situations:\n\nstart a working area (see also: git help tutorial)\n   clone      Clone a repository into a new directory\n   init       Create an empty Git repository or reinitialize an existing one\n\nwork on the current change (see also: git help everyday)\n   add        Add file contents to the index\n   mv         Move or rename a file, a directory, or a symlink\n   restore    Restore working tree files\n   rm         Remove files from the working tree and from the index\n\nexamine the history and state (see also: git help revisions)\n   bisect     Use binary search to find the commit that introduced a bug\n   diff       Show changes between commits, commit and working tree, etc\n   grep       Print lines matching a pattern\n   log        Show commit logs\n   show       Show various types of objects\n   status     Show the working tree status\n\ngrow, mark and tweak your common history\n   backfill   Download missing objects in a partial clone\n   branch     List, create, or delete branches\n   commit     Record changes to the repository\n   merge      Join two or more development histories together\n   rebase     Reapply commits on top of another base tip\n   reset      Reset current HEAD to the specified state\n   switch     Switch branches\n   tag        Create, list, delete or verify a tag object signed with GPG\n\ncollaborate (see also: git help workflows)\n   fetch      Download objects and refs from another repository\n   pull       Fetch from and integrate with another repository or a local branch\n   push       Update remote refs along with associated objects\n\n'git help -a' and 'git help -g' list available subcommands and some\nconcept guides. See 'git help <command>' or 'git help <concept>'\nto read about a specific subcommand or concept.\nSee 'git help git' for an overview of the system.\n""
[0m14:59:53.001972 [debug] [MainThread]: STDERR: "b''"
[0m14:59:53.002307 [info ] [MainThread]:  - git [[32mOK found[0m]

[0m14:59:53.002660 [info ] [MainThread]: Connection test skipped since no profile was found
[0m14:59:53.003079 [info ] [MainThread]: [31m2 checks failed:[0m
[0m14:59:53.004024 [info ] [MainThread]: dbt looked for a profiles.yml file in /Users/duydo/.dbt/profiles.yml, but did
not find one. For more information on configuring your profile, consult the
documentation:

https://docs.getdbt.com/docs/configure-your-profile


[0m14:59:53.004458 [info ] [MainThread]: Project loading failed for the following reason:
 project path </Users/duydo/Desktop/DE/dbt_project.yml> not found

[0m14:59:53.005509 [debug] [MainThread]: Command `dbt debug` failed at 14:59:53.005306 after 0.05 seconds
[0m14:59:53.006058 [debug] [MainThread]: Sending event: {'category': 'dbt', 'action': 'invocation', 'label': 'end', 'context': [<snowplow_tracker.self_describing_json.SelfDescribingJson object at 0x112e9cb00>, <snowplow_tracker.self_describing_json.SelfDescribingJson object at 0x112cb4980>, <snowplow_tracker.self_describing_json.SelfDescribingJson object at 0x105213b30>]}
[0m14:59:53.006521 [debug] [MainThread]: Flushing usage events
[0m13:45:53.307491 [debug] [MainThread]: Sending event: {'category': 'dbt', 'action': 'invocation', 'label': 'start', 'context': [<snowplow_tracker.self_describing_json.SelfDescribingJson object at 0x109a9fa40>, <snowplow_tracker.self_describing_json.SelfDescribingJson object at 0x109a9e600>, <snowplow_tracker.self_describing_json.SelfDescribingJson object at 0x109ac7410>]}


============================== 13:45:53.311968 | eb352c4a-70cb-4f54-829d-a2770be78375 ==============================
[0m13:45:53.311968 [info ] [MainThread]: Running with dbt=1.6.1
[0m13:45:53.312630 [debug] [MainThread]: running dbt with arguments {'send_anonymous_usage_stats': 'True', 'warn_error': 'None', 'log_path': 'logs', 'log_format': 'default', 'use_experimental_parser': 'False', 'target_path': 'None', 'quiet': 'False', 'static_parser': 'True', 'fail_fast': 'False', 'invocation_command': 'dbt run', 'use_colors': 'True', 'printer_width': '80', 'write_json': 'True', 'version_check': 'True', 'indirect_selection': 'eager', 'partial_parse': 'True', 'no_print': 'None', 'profiles_dir': '/Users/duydo/.dbt', 'warn_error_options': 'WarnErrorOptions(include=[], exclude=[])', 'cache_selected_only': 'False', 'debug': 'False', 'log_cache_events': 'False', 'introspect': 'True'}
[0m13:45:53.313192 [error] [MainThread]: Encountered an error:
Runtime Error
  No dbt_project.yml found at expected path /Users/duydo/Desktop/DE/dbt_project.yml
  Verify that each entry within packages.yml (and their transitive dependencies) contains a file named dbt_project.yml
  
[0m13:45:53.313788 [debug] [MainThread]: Command `dbt run` failed at 13:45:53.313666 after 0.04 seconds
[0m13:45:53.314068 [debug] [MainThread]: Sending event: {'category': 'dbt', 'action': 'invocation', 'label': 'end', 'context': [<snowplow_tracker.self_describing_json.SelfDescribingJson object at 0x1089274a0>, <snowplow_tracker.self_describing_json.SelfDescribingJson object at 0x10914e630>, <snowplow_tracker.self_describing_json.SelfDescribingJson object at 0x1097b4cb0>]}
[0m13:45:53.314351 [debug] [MainThread]: Flushing usage events
[0m13:46:17.903507 [debug] [MainThread]: Sending event: {'category': 'dbt', 'action': 'invocation', 'label': 'start', 'context': [<snowplow_tracker.self_describing_json.SelfDescribingJson object at 0x1057e63f0>, <snowplow_tracker.self_describing_json.SelfDescribingJson object at 0x1057e6ba0>, <snowplow_tracker.self_describing_json.SelfDescribingJson object at 0x105806ed0>]}


============================== 13:46:17.907223 | 82854eae-7d9b-435b-9abb-da2bab7b7a75 ==============================
[0m13:46:17.907223 [info ] [MainThread]: Running with dbt=1.6.1
[0m13:46:17.907861 [debug] [MainThread]: running dbt with arguments {'log_path': 'logs', 'log_cache_events': 'False', 'static_parser': 'True', 'indirect_selection': 'eager', 'fail_fast': 'False', 'warn_error': 'None', 'log_format': 'default', 'introspect': 'True', 'printer_width': '80', 'warn_error_options': 'WarnErrorOptions(include=[], exclude=[])', 'cache_selected_only': 'False', 'write_json': 'True', 'use_experimental_parser': 'False', 'partial_parse': 'True', 'no_print': 'None', 'target_path': 'None', 'profiles_dir': '/Users/duydo/.dbt', 'invocation_command': 'dbt debug', 'debug': 'False', 'use_colors': 'True', 'send_anonymous_usage_stats': 'True', 'version_check': 'True', 'quiet': 'False'}
[0m13:46:17.908438 [info ] [MainThread]: dbt version: 1.6.1
[0m13:46:17.908681 [info ] [MainThread]: python version: 3.12.7
[0m13:46:17.908897 [info ] [MainThread]: python path: /opt/anaconda3/bin/python
[0m13:46:17.909212 [info ] [MainThread]: os info: macOS-12.7.6-arm64-arm-64bit
[0m13:46:18.025017 [info ] [MainThread]: Using profiles dir at /Users/duydo/.dbt
[0m13:46:18.025413 [info ] [MainThread]: Using profiles.yml file at /Users/duydo/.dbt/profiles.yml
[0m13:46:18.025659 [info ] [MainThread]: Using dbt_project.yml file at /Users/duydo/Desktop/DE/dbt_project.yml
[0m13:46:18.026438 [info ] [MainThread]: adapter type: duckdb
[0m13:46:18.026682 [info ] [MainThread]: adapter version: 1.6.0
[0m13:46:18.026937 [info ] [MainThread]: Configuration:
[0m13:46:18.027256 [info ] [MainThread]:   profiles.yml file [[32mOK found and valid[0m]
[0m13:46:18.027546 [info ] [MainThread]:   dbt_project.yml file [[31mERROR not found[0m]
[0m13:46:18.027777 [info ] [MainThread]: Required dependencies:
[0m13:46:18.028146 [debug] [MainThread]: Executing "git --help"
[0m13:46:18.044255 [debug] [MainThread]: STDOUT: "b"usage: git [-v | --version] [-h | --help] [-C <path>] [-c <name>=<value>]\n           [--exec-path[=<path>]] [--html-path] [--man-path] [--info-path]\n           [-p | --paginate | -P | --no-pager] [--no-replace-objects] [--no-lazy-fetch]\n           [--no-optional-locks] [--no-advice] [--bare] [--git-dir=<path>]\n           [--work-tree=<path>] [--namespace=<name>] [--config-env=<name>=<envvar>]\n           <command> [<args>]\n\nThese are common Git commands used in various situations:\n\nstart a working area (see also: git help tutorial)\n   clone      Clone a repository into a new directory\n   init       Create an empty Git repository or reinitialize an existing one\n\nwork on the current change (see also: git help everyday)\n   add        Add file contents to the index\n   mv         Move or rename a file, a directory, or a symlink\n   restore    Restore working tree files\n   rm         Remove files from the working tree and from the index\n\nexamine the history and state (see also: git help revisions)\n   bisect     Use binary search to find the commit that introduced a bug\n   diff       Show changes between commits, commit and working tree, etc\n   grep       Print lines matching a pattern\n   log        Show commit logs\n   show       Show various types of objects\n   status     Show the working tree status\n\ngrow, mark and tweak your common history\n   backfill   Download missing objects in a partial clone\n   branch     List, create, or delete branches\n   commit     Record changes to the repository\n   merge      Join two or more development histories together\n   rebase     Reapply commits on top of another base tip\n   reset      Reset current HEAD to the specified state\n   switch     Switch branches\n   tag        Create, list, delete or verify a tag object signed with GPG\n\ncollaborate (see also: git help workflows)\n   fetch      Download objects and refs from another repository\n   pull       Fetch from and integrate with another repository or a local branch\n   push       Update remote refs along with associated objects\n\n'git help -a' and 'git help -g' list available subcommands and some\nconcept guides. See 'git help <command>' or 'git help <concept>'\nto read about a specific subcommand or concept.\nSee 'git help git' for an overview of the system.\n""
[0m13:46:18.045244 [debug] [MainThread]: STDERR: "b''"
[0m13:46:18.045636 [info ] [MainThread]:  - git [[32mOK found[0m]

[0m13:46:18.046225 [info ] [MainThread]: Connection:
[0m13:46:18.046690 [info ] [MainThread]:   database: nyc_parking_violations
[0m13:46:18.047060 [info ] [MainThread]:   schema: main
[0m13:46:18.047441 [info ] [MainThread]:   path: /Users/duydo/Desktop/DE/data/nyc_parking_violations.db
[0m13:46:18.047747 [info ] [MainThread]:   config_options: None
[0m13:46:18.048096 [info ] [MainThread]:   extensions: None
[0m13:46:18.048340 [info ] [MainThread]:   settings: None
[0m13:46:18.048649 [info ] [MainThread]:   external_root: .
[0m13:46:18.049211 [info ] [MainThread]:   use_credential_provider: None
[0m13:46:18.049520 [info ] [MainThread]:   attach: None
[0m13:46:18.049838 [info ] [MainThread]:   filesystems: None
[0m13:46:18.050226 [info ] [MainThread]:   remote: None
[0m13:46:18.050508 [info ] [MainThread]:   plugins: None
[0m13:46:18.050786 [info ] [MainThread]:   disable_transactions: False
[0m13:46:18.051315 [info ] [MainThread]: Registered adapter: duckdb=1.6.0
[0m13:46:18.057894 [debug] [MainThread]: Acquiring new duckdb connection 'debug'
[0m13:46:18.058797 [debug] [MainThread]: Using duckdb connection "debug"
[0m13:46:18.059187 [debug] [MainThread]: On debug: select 1 as id
[0m13:46:18.060353 [debug] [MainThread]: Opening a new connection, currently in state init
[0m13:46:18.138183 [debug] [MainThread]: SQL status: OK in 0.0 seconds
[0m13:46:18.139444 [debug] [MainThread]: On debug: Close
[0m13:46:18.141991 [info ] [MainThread]:   Connection test: [[32mOK connection ok[0m]

[0m13:46:18.142360 [info ] [MainThread]: [31m1 check failed:[0m
[0m13:46:18.142632 [info ] [MainThread]: Project loading failed for the following reason:
 project path </Users/duydo/Desktop/DE/dbt_project.yml> not found

[0m13:46:18.143236 [debug] [MainThread]: Command `dbt debug` failed at 13:46:18.143118 after 0.27 seconds
[0m13:46:18.143558 [debug] [MainThread]: Connection 'debug' was properly closed.
[0m13:46:18.143863 [debug] [MainThread]: Sending event: {'category': 'dbt', 'action': 'invocation', 'label': 'end', 'context': [<snowplow_tracker.self_describing_json.SelfDescribingJson object at 0x1058621b0>, <snowplow_tracker.self_describing_json.SelfDescribingJson object at 0x10581ba40>, <snowplow_tracker.self_describing_json.SelfDescribingJson object at 0x105889550>]}
[0m13:46:18.144265 [debug] [MainThread]: Flushing usage events
[0m15:18:20.999926 [debug] [MainThread]: Sending event: {'category': 'dbt', 'action': 'invocation', 'label': 'start', 'context': [<snowplow_tracker.self_describing_json.SelfDescribingJson object at 0x1058372f0>, <snowplow_tracker.self_describing_json.SelfDescribingJson object at 0x10585b440>, <snowplow_tracker.self_describing_json.SelfDescribingJson object at 0x10585b080>]}


============================== 15:18:21.003632 | 2564a727-29b5-4221-8146-c1a444af5319 ==============================
[0m15:18:21.003632 [info ] [MainThread]: Running with dbt=1.6.1
[0m15:18:21.004385 [debug] [MainThread]: running dbt with arguments {'log_cache_events': 'False', 'log_format': 'default', 'partial_parse': 'True', 'profiles_dir': '/Users/duydo/.dbt', 'use_experimental_parser': 'False', 'invocation_command': 'dbt run --select bronze_parking_violations', 'log_path': 'logs', 'warn_error': 'None', 'introspect': 'True', 'fail_fast': 'False', 'cache_selected_only': 'False', 'static_parser': 'True', 'send_anonymous_usage_stats': 'True', 'indirect_selection': 'eager', 'warn_error_options': 'WarnErrorOptions(include=[], exclude=[])', 'target_path': 'None', 'printer_width': '80', 'use_colors': 'True', 'quiet': 'False', 'no_print': 'None', 'version_check': 'True', 'write_json': 'True', 'debug': 'False'}
[0m15:18:21.005128 [error] [MainThread]: Encountered an error:
Runtime Error
  No dbt_project.yml found at expected path /Users/duydo/Desktop/DE/dbt_project.yml
  Verify that each entry within packages.yml (and their transitive dependencies) contains a file named dbt_project.yml
  
[0m15:18:21.005808 [debug] [MainThread]: Command `dbt run` failed at 15:18:21.005674 after 0.04 seconds
[0m15:18:21.006115 [debug] [MainThread]: Sending event: {'category': 'dbt', 'action': 'invocation', 'label': 'end', 'context': [<snowplow_tracker.self_describing_json.SelfDescribingJson object at 0x10102cb30>, <snowplow_tracker.self_describing_json.SelfDescribingJson object at 0x10556c380>, <snowplow_tracker.self_describing_json.SelfDescribingJson object at 0x105518c80>]}
[0m15:18:21.006420 [debug] [MainThread]: Flushing usage events
[0m13:45:16.806489 [debug] [MainThread]: Sending event: {'category': 'dbt', 'action': 'invocation', 'label': 'start', 'context': [<snowplow_tracker.self_describing_json.SelfDescribingJson object at 0x1093e6ba0>, <snowplow_tracker.self_describing_json.SelfDescribingJson object at 0x1093e6600>, <snowplow_tracker.self_describing_json.SelfDescribingJson object at 0x1094026f0>]}


============================== 13:45:16.809912 | 802d3391-1978-403a-bc91-416633286946 ==============================
[0m13:45:16.809912 [info ] [MainThread]: Running with dbt=1.6.1
[0m13:45:16.810417 [debug] [MainThread]: running dbt with arguments {'no_print': 'None', 'target_path': 'None', 'log_path': 'logs', 'version_check': 'True', 'warn_error_options': 'WarnErrorOptions(include=[], exclude=[])', 'profiles_dir': '/Users/duydo/.dbt', 'quiet': 'False', 'log_cache_events': 'False', 'log_format': 'default', 'introspect': 'True', 'use_experimental_parser': 'False', 'static_parser': 'True', 'use_colors': 'True', 'invocation_command': 'dbt debug', 'warn_error': 'None', 'cache_selected_only': 'False', 'debug': 'False', 'send_anonymous_usage_stats': 'True', 'partial_parse': 'True', 'write_json': 'True', 'indirect_selection': 'eager', 'printer_width': '80', 'fail_fast': 'False'}
[0m13:45:16.811119 [info ] [MainThread]: dbt version: 1.6.1
[0m13:45:16.811345 [info ] [MainThread]: python version: 3.12.7
[0m13:45:16.811553 [info ] [MainThread]: python path: /opt/anaconda3/bin/python
[0m13:45:16.811747 [info ] [MainThread]: os info: macOS-12.7.6-arm64-arm-64bit
[0m13:45:16.917602 [info ] [MainThread]: Using profiles dir at /Users/duydo/.dbt
[0m13:45:16.917979 [info ] [MainThread]: Using profiles.yml file at /Users/duydo/.dbt/profiles.yml
[0m13:45:16.918209 [info ] [MainThread]: Using dbt_project.yml file at /Users/duydo/Desktop/DE/dbt_project.yml
[0m13:45:16.918606 [info ] [MainThread]: adapter type: duckdb
[0m13:45:16.918897 [info ] [MainThread]: adapter version: 1.6.0
[0m13:45:16.919148 [info ] [MainThread]: Configuration:
[0m13:45:16.919358 [info ] [MainThread]:   profiles.yml file [[32mOK found and valid[0m]
[0m13:45:16.919553 [info ] [MainThread]:   dbt_project.yml file [[31mERROR not found[0m]
[0m13:45:16.919751 [info ] [MainThread]: Required dependencies:
[0m13:45:16.920004 [debug] [MainThread]: Executing "git --help"
[0m13:45:16.927850 [debug] [MainThread]: STDOUT: "b"usage: git [-v | --version] [-h | --help] [-C <path>] [-c <name>=<value>]\n           [--exec-path[=<path>]] [--html-path] [--man-path] [--info-path]\n           [-p | --paginate | -P | --no-pager] [--no-replace-objects] [--no-lazy-fetch]\n           [--no-optional-locks] [--no-advice] [--bare] [--git-dir=<path>]\n           [--work-tree=<path>] [--namespace=<name>] [--config-env=<name>=<envvar>]\n           <command> [<args>]\n\nThese are common Git commands used in various situations:\n\nstart a working area (see also: git help tutorial)\n   clone      Clone a repository into a new directory\n   init       Create an empty Git repository or reinitialize an existing one\n\nwork on the current change (see also: git help everyday)\n   add        Add file contents to the index\n   mv         Move or rename a file, a directory, or a symlink\n   restore    Restore working tree files\n   rm         Remove files from the working tree and from the index\n\nexamine the history and state (see also: git help revisions)\n   bisect     Use binary search to find the commit that introduced a bug\n   diff       Show changes between commits, commit and working tree, etc\n   grep       Print lines matching a pattern\n   log        Show commit logs\n   show       Show various types of objects\n   status     Show the working tree status\n\ngrow, mark and tweak your common history\n   backfill   Download missing objects in a partial clone\n   branch     List, create, or delete branches\n   commit     Record changes to the repository\n   merge      Join two or more development histories together\n   rebase     Reapply commits on top of another base tip\n   reset      Reset current HEAD to the specified state\n   switch     Switch branches\n   tag        Create, list, delete or verify a tag object signed with GPG\n\ncollaborate (see also: git help workflows)\n   fetch      Download objects and refs from another repository\n   pull       Fetch from and integrate with another repository or a local branch\n   push       Update remote refs along with associated objects\n\n'git help -a' and 'git help -g' list available subcommands and some\nconcept guides. See 'git help <command>' or 'git help <concept>'\nto read about a specific subcommand or concept.\nSee 'git help git' for an overview of the system.\n""
[0m13:45:16.928668 [debug] [MainThread]: STDERR: "b''"
[0m13:45:16.929005 [info ] [MainThread]:  - git [[32mOK found[0m]

[0m13:45:16.929572 [info ] [MainThread]: Connection:
[0m13:45:16.931302 [info ] [MainThread]:   database: nyc_parking_violations
[0m13:45:16.932171 [info ] [MainThread]:   schema: main
[0m13:45:16.932685 [info ] [MainThread]:   path: /Users/duydo/Desktop/DE/data/nyc_parking_violations.db
[0m13:45:16.933470 [info ] [MainThread]:   config_options: None
[0m13:45:16.933763 [info ] [MainThread]:   extensions: None
[0m13:45:16.933972 [info ] [MainThread]:   settings: None
[0m13:45:16.934377 [info ] [MainThread]:   external_root: .
[0m13:45:16.934635 [info ] [MainThread]:   use_credential_provider: None
[0m13:45:16.934940 [info ] [MainThread]:   attach: None
[0m13:45:16.935192 [info ] [MainThread]:   filesystems: None
[0m13:45:16.935401 [info ] [MainThread]:   remote: None
[0m13:45:16.935641 [info ] [MainThread]:   plugins: None
[0m13:45:16.935848 [info ] [MainThread]:   disable_transactions: False
[0m13:45:16.936295 [info ] [MainThread]: Registered adapter: duckdb=1.6.0
[0m13:45:16.941294 [debug] [MainThread]: Acquiring new duckdb connection 'debug'
[0m13:45:16.944940 [debug] [MainThread]: Using duckdb connection "debug"
[0m13:45:16.945263 [debug] [MainThread]: On debug: select 1 as id
[0m13:45:16.945873 [debug] [MainThread]: Opening a new connection, currently in state init
[0m13:45:17.024067 [debug] [MainThread]: SQL status: OK in 0.0 seconds
[0m13:45:17.025276 [debug] [MainThread]: On debug: Close
[0m13:45:17.027929 [info ] [MainThread]:   Connection test: [[32mOK connection ok[0m]

[0m13:45:17.028223 [info ] [MainThread]: [31m1 check failed:[0m
[0m13:45:17.028451 [info ] [MainThread]: Project loading failed for the following reason:
 project path </Users/duydo/Desktop/DE/dbt_project.yml> not found

[0m13:45:17.029002 [debug] [MainThread]: Command `dbt debug` failed at 13:45:17.028905 after 0.24 seconds
[0m13:45:17.029294 [debug] [MainThread]: Connection 'debug' was properly closed.
[0m13:45:17.029577 [debug] [MainThread]: Sending event: {'category': 'dbt', 'action': 'invocation', 'label': 'end', 'context': [<snowplow_tracker.self_describing_json.SelfDescribingJson object at 0x108112480>, <snowplow_tracker.self_describing_json.SelfDescribingJson object at 0x10936a780>, <snowplow_tracker.self_describing_json.SelfDescribingJson object at 0x108d5b6e0>]}
[0m13:45:17.029941 [debug] [MainThread]: Flushing usage events
